09:42:32.138 INFO [GridLauncherV3.parse] - Selenium server version: 3.141.59, revision: e82be7d358
09:42:32.191 INFO [GridLauncherV3.lambda$buildLaunchers$3] - Launching a standalone Selenium Server on port 4444
2019-05-17 09:42:32.222:INFO::main: Logging initialized @251ms to org.seleniumhq.jetty9.util.log.StdErrLog
09:42:32.375 INFO [WebDriverServlet.<init>] - Initialising WebDriverServlet
09:42:32.476 INFO [SeleniumServer.boot] - Selenium Server is up and running on port 4444
09:42:33.335 INFO [ActiveSessionFactory.apply] - Capabilities are: {
  "acceptSslCerts": true,
  "browserName": "firefox",
  "javascriptEnabled": true,
  "name": "Tags\\admin Tag Test"
}
09:42:33.335 INFO [ActiveSessionFactory.apply] - Capabilities are: {
  "acceptSslCerts": true,
  "browserName": "firefox",
  "javascriptEnabled": true,
  "name": "Categories\\admin Category Test"
}
09:42:33.335 INFO [ActiveSessionFactory.apply] - Capabilities are: {
  "acceptSslCerts": true,
  "browserName": "firefox",
  "javascriptEnabled": true,
  "name": "Users\\admin Edit Admin Profile Test"
}
09:42:33.335 INFO [ActiveSessionFactory.lambda$apply$11] - Matched factory org.openqa.selenium.grid.session.remote.ServicedSession$Factory (provider: org.openqa.selenium.firefox.GeckoDriverService)
09:42:33.335 INFO [ActiveSessionFactory.lambda$apply$11] - Matched factory org.openqa.selenium.grid.session.remote.ServicedSession$Factory (provider: org.openqa.selenium.firefox.GeckoDriverService)
09:42:33.335 INFO [ActiveSessionFactory.lambda$apply$11] - Matched factory org.openqa.selenium.grid.session.remote.ServicedSession$Factory (provider: org.openqa.selenium.firefox.GeckoDriverService)
09:42:33.351 INFO [ActiveSessionFactory.apply] - Capabilities are: {
  "acceptSslCerts": true,
  "browserName": "firefox",
  "javascriptEnabled": true,
  "name": "Posts\\admin Post Test"
}
09:42:33.351 INFO [ActiveSessionFactory.lambda$apply$11] - Matched factory org.openqa.selenium.grid.session.remote.ServicedSession$Factory (provider: org.openqa.selenium.firefox.GeckoDriverService)
1558060954090	mozrunner::runner	INFO	Running command: "C:\\Program Files (x86)\\Mozilla Firefox\\firefox.exe" "-marionette" "-foreground" "-no-remote" "-profile" "C:\\Users\\INTERN~1.04\\AppData\\Local\\Temp\\rust_mozprofile.qvYjSznNqPNK"
1558060954090	mozrunner::runner	INFO	Running command: "C:\\Program Files (x86)\\Mozilla Firefox\\firefox.exe" "-marionette" "-foreground" "-no-remote" "-profile" "C:\\Users\\INTERN~1.04\\AppData\\Local\\Temp\\rust_mozprofile.dBknmU3Ql8On"
1558060954090	mozrunner::runner	INFO	Running command: "C:\\Program Files (x86)\\Mozilla Firefox\\firefox.exe" "-marionette" "-foreground" "-no-remote" "-profile" "C:\\Users\\INTERN~1.04\\AppData\\Local\\Temp\\rust_mozprofile.gagkUQafUOOu"
1558060954090	mozrunner::runner	INFO	Running command: "C:\\Program Files (x86)\\Mozilla Firefox\\firefox.exe" "-marionette" "-foreground" "-no-remote" "-profile" "C:\\Users\\INTERN~1.04\\AppData\\Local\\Temp\\rust_mozprofile.X5BGhE7nK7oG"
1558060956430	addons.webextension.screenshots@mozilla.org	WARN	Loading extension 'screenshots@mozilla.org': Reading manifest: Invalid extension permission: mozillaAddons
1558060956430	addons.webextension.screenshots@mozilla.org	WARN	Loading extension 'screenshots@mozilla.org': Reading manifest: Invalid extension permission: resource://pdf.js/
1558060956430	addons.webextension.screenshots@mozilla.org	WARN	Loading extension 'screenshots@mozilla.org': Reading manifest: Invalid extension permission: about:reader*
1558060956430	addons.webextension.screenshots@mozilla.org	WARN	Loading extension 'screenshots@mozilla.org': Reading manifest: Invalid extension permission: mozillaAddons
1558060956431	ad1558060956430	addons.webextension.screenshotdso@nmso.zwielbleax.toerngs	iWoAnR.Ns	cLroeaednisnhgo tesx@tmeonzsiilla.org	WARN	Loading extension 'screenshots@mozilla.org': Reading manifest: Invalid extension permission: mozillaAddons
1558060956431	addons.webextension.screenshots@mozilla.org	WARN	Loading extension 'screenshots@mozilla.org': Reading manifest: Invalid extension permission: resource://pdf.js/
1558060956431	addons.webextension.screenshots@mozilla.org	WARN	Loading extension 'screenshots@mozilla.org': Reading manifest: Invalid extension permission: about:reader*
on 'screenshots@mozilla.org': Reading manifest: Invalid extension permission: resource://pdf.js/
1558060956430	addons.webextension.screenshots@mozilla.org	WARN	Loading extension 'screenshots@mozilla.org': Reading manifest: Invalid extension permission: about:reader*
1558060956433	addons.webextension.screenshots@mozilla.org	WARN	Loading extension 'screenshots@mozilla.org': Reading manifest: Invalid extension permission: mozillaAddons
1558060956433	addons.webextension.screenshots@mozilla.org	WARN	Loading extension 'screenshots@mozilla.org': Reading manifest: Invalid extension permission: resource://pdf.js/
1558060956433	addons.webextension.screenshots@mozilla.org	WARN	Loading extension 'screenshots@mozilla.org': Reading manifest: Invalid extension permission: about:reader*
console.error: BroadcastService: 
  receivedBroadcastMessage: handler for
  remote-settings/monitor_changes
  threw error:
  Message: Error: Polling for changes failed: http://%(server)s/dummy/blocklist//buckets/monitor/collections/changes/records?_expected=%221558051207412%22 is not a valid URL..
  Stack:
    remoteSettingsFunction/remoteSettings.pollChanges@resource://services-settings/remote-settings.js:203:13

[[Parent 20300, Gecko_IOThread] WARNING: pipe eParent 20184, Gecko_IOThread] WARNING: pipe errror: 109: firor: 109:le z:/task_1556539159/build/s file z:/task_1556539159/rc/ipc/chrbouild/src/ipc/chromium/src/chrmium/src/chrome/common/ipc_channel_wome/comimon/ipc_channel_win.cc, line 341
n.cc, line 341
1558060979844	Marionette	INFO	Listening on port 54314
1558060979845	Marionette	INFO	Listening on port 54317
1558060979845	Marionette	INFO	Listening on port 54316
1558060979846	Marionette	INFO	Listening on port 54315
console.error: BroadcastService: 
  receivedBroadcastMessage: handler for
  remote-settings/monitor_changes
  threw error:
  Message: Error: Polling for changes failed: http://%(server)s/dummy/blocklist//buckets/monitor/collections/changes/records?_expected=%221558051207412%22 is not a valid URL..
  Stack:
    remoteSettingsFunction/remoteSettings.pollChanges@resource://services-settings/remote-settings.js:203:13

[Chi[ld 7436, Chrome_ChildThread] WARNINGChild 25784, Chrome_ChildThread] WARNING: pipe erro: pipe error: 109: file z:/task_1556539159/build/src/ipc/chromium/src/chromr: 109: file z:/teask_1556539159/build/src/ipc/chromium/src/chrome/common/ipc_channel_win./common/ipc_channcecl,_ wliin.cc, linen 341
e 341
[Child 32140, Chrome_ChildThread] WARNING: pipe error: 109: file z:/task_1556539159/build/src/ipc/chromium/src/chrome/common/ipc_channel_win.cc, line 341
[Child 11808, Chrome_ChildThread] WARNING: pipe error: 109: file z:/task_1556539159/build/src/ipc/chromium/src/chrome/common/ipc_channel_win.cc, line 341
[Child 7436, Chrome_ChildThread] WARNING: pipe error: 109: file z:/task_1556539159/build/src/ipc/chromium/src/chrome/common/ipc_channel_win.cc, line 341
[Parent 6392, Gecko_IOThread] WARNING: file z:/task_1556539159/build/src/ipc/chromium/src/base/process_util_win.cc, line 160
[Parent 12308, Gecko_IOThread] WARNING: file z:/task_1556539159/build/src/ipc/chromium/src/base/process_util_win.cc, line 160
[Parent 20184, Gecko_IOThread] WARNING: file z:/task_1556539159/build/src/ipc/chromium/src/base/process_util_win.cc, line 160
[Parent 20300, Gecko_IOThread] WARNING: file z:/task_1556539159/build/src/ipc/chromium/src/base/process_util_win.cc, line 160
09:43:00.762 INFO [ProtocolHandshake.createSession] - Detected dialect: W3C
09:43:00.762 INFO [ProtocolHandshake.createSession] - Detected dialect: W3C
09:43:00.778 INFO [ProtocolHandshake.createSession] - Detected dialect: W3C
09:43:00.778 INFO [ProtocolHandshake.createSession] - Detected dialect: W3C
09:43:00.994 INFO [RemoteSession$Factory.lambda$performHandshake$0] - Started new session d22b0bfb-9473-417a-80fb-dcb90b6f2553 (org.openqa.selenium.firefox.GeckoDriverService)
09:43:00.994 INFO [RemoteSession$Factory.lambda$performHandshake$0] - Started new session 13b1c799-85da-4ec5-a841-a1b72a73d194 (org.openqa.selenium.firefox.GeckoDriverService)
09:43:00.994 INFO [RemoteSession$Factory.lambda$performHandshake$0] - Started new session 60b23c3a-a3a5-4d73-88ff-b73dba9f9eda (org.openqa.selenium.firefox.GeckoDriverService)
09:43:00.994 INFO [RemoteSession$Factory.lambda$performHandshake$0] - Started new session ab7d4504-0afd-4e1b-9ce9-8d55bae175ad (org.openqa.selenium.firefox.GeckoDriverService)
console.error: BroadcastService: 
  receivedBroadcastMessage: handler for
  remote-settings/monitor_changes
  threw error:
  Message: Error: Polling for changes failed: http://%(server)s/dummy/blocklist//buckets/monitor/collections/changes/records?_expected=%221558051207412%22 is not a valid URL..
  Stack:
    remoteSettingsFunction/remoteSettings.pollChanges@resource://services-settings/remote-settings.js:203:13

1558060992104	Marionette	INFO	Stopped listening on port 54315
[Parent 6392, Gecko_IOThread] WARNING: pipe error: 109: file z:/task_1556539159/build/src/ipc/chromium/src/chrome/common/ipc_channel_win.cc, line 341
[Child 8292, Chrome_ChildThread] WARNING: pipe error: 109: file z:/task_1556539159/build/src/ipc/chromium/src/chrome/common/ipc_channel_win.cc, line 341
[Parent 6392, Gecko_IOThread] WARNING: pipe error: 109: file z:/task_1556539159/build/src/ipc/chromium/src/chrome/common/ipc_channel_win.cc, line 341

###!!! [Child][RunMessage] Error: Channel closing: too late to send/recv, messages will be lost

09:43:15.671 INFO [ActiveSessions$1.onStop] - Removing session d22b0bfb-9473-417a-80fb-dcb90b6f2553 (org.openqa.selenium.firefox.GeckoDriverService)
09:43:16.280 INFO [ActiveSessionFactory.apply] - Capabilities are: {
  "acceptSslCerts": true,
  "browserName": "firefox",
  "javascriptEnabled": true,
  "name": "Users\\admin User Add New Test"
}
09:43:16.280 INFO [ActiveSessionFactory.lambda$apply$11] - Matched factory org.openqa.selenium.grid.session.remote.ServicedSession$Factory (provider: org.openqa.selenium.firefox.GeckoDriverService)
1558060996820	mozrunner::runner	INFO	Running command: "C:\\Program Files (x86)\\Mozilla Firefox\\firefox.exe" "-marionette" "-foreground" "-no-remote" "-profile" "C:\\Users\\INTERN~1.04\\AppData\\Local\\Temp\\rust_mozprofile.l33IuwXOfHWH"
1558060998886	addons.webextension.screenshots@mozilla.org	WARN	Loading extension 'screenshots@mozilla.org': Reading manifest: Invalid extension permission: mozillaAddons
1558060998887	addons.webextension.screenshots@mozilla.org	WARN	Loading extension 'screenshots@mozilla.org': Reading manifest: Invalid extension permission: resource://pdf.js/
1558060998887	addons.webextension.screenshots@mozilla.org	WARN	Loading extension 'screenshots@mozilla.org': Reading manifest: Invalid extension permission: about:reader*
1558061000998	Marionette	INFO	Stopped listening on port 54316
[Child 30584, Chrome_ChildThread] WARNING: pipe error: 109: file z:/task_1556539159/build/src/ipc/chromium/src/chrome/common/ipc_channel_win.cc, line 341
[Parent 20184, Gecko_IOThread] WARNING: pipe error: 109: file z:/task_1556539159/build/src/ipc/chromium/src/chrome/common/ipc_channel_win.cc, line 341
[Child 34528, Chrome_ChildThread] WARNING: pipe error: 109: file z:/task_1556539159/build/src/ipc/chromium/src/chrome/common/ipc_channel_win.cc, line 341
[Parent 20184, Gecko_IOThread] WARNING: pipe error: 109: file z:/task_1556539159/build/src/ipc/chromium/src/chrome/common/ipc_channel_win.cc, line 341

###!!! [Child][MessageChannel::SendAndWait] Error: Channel error: cannot send/recv

09:43:23.099 INFO [ActiveSessions$1.onStop] - Removing session ab7d4504-0afd-4e1b-9ce9-8d55bae175ad (org.openqa.selenium.firefox.GeckoDriverService)
09:43:23.585 INFO [ActiveSessionFactory.apply] - Capabilities are: {
  "acceptSslCerts": true,
  "browserName": "firefox",
  "javascriptEnabled": true,
  "name": "Users\\admin User Login Test"
}
09:43:23.585 INFO [ActiveSessionFactory.lambda$apply$11] - Matched factory org.openqa.selenium.grid.session.remote.ServicedSession$Factory (provider: org.openqa.selenium.firefox.GeckoDriverService)
1558061004472	mozrunner::runner	INFO	Running command: "C:\\Program Files (x86)\\Mozilla Firefox\\firefox.exe" "-marionette" "-foreground" "-no-remote" "-profile" "C:\\Users\\INTERN~1.04\\AppData\\Local\\Temp\\rust_mozprofile.NZIxWqjC5ibx"
1558061008563	Marionette	INFO	Listening on port 54879
[Child 23396, Chrome_ChildThread] WARNING: pipe error: 109: file z:/task_1556539159/build/src/ipc/chromium/src/chrome/common/ipc_channel_win.cc, line 341
[Child 23396, Chrome_ChildThread] WARNING: pipe error: 109: file z:/task_1556539159/build/src/ipc/chromium/src/chrome/common/ipc_channel_win.cc, line 341
1558061008668	addons.webextension.screenshots@mozilla.org	WARN	Loading extension 'screenshots@mozilla.org': Reading manifest: Invalid extension permission: mozillaAddons
1558061008668	addons.webextension.screenshots@mozilla.org	WARN	Loading extension 'screenshots@mozilla.org': Reading manifest: Invalid extension permission: resource://pdf.js/
1558061008668	addons.webextension.screenshots@mozilla.org	WARN	Loading extension 'screenshots@mozilla.org': Reading manifest: Invalid extension permission: about:reader*
09:43:29.025 INFO [ProtocolHandshake.createSession] - Detected dialect: W3C
09:43:29.025 INFO [RemoteSession$Factory.lambda$performHandshake$0] - Started new session 77dd1d25-c6b5-47b5-8315-c71f1285e097 (org.openqa.selenium.firefox.GeckoDriverService)
[GFX1-]: Failed to connect GPU process
1558061023099	Marionette	INFO	Stopped listening on port 54314
[
###!!! [Child][RunMessage] Error: Channel closing: too late to send/recv, messages will be lost

GPU 10044, Chrome_ChildThre
###!!! [Child][MessageChannel::SendAndWait] Error: Channel error: cannot send/recv

09:43:48.375 INFO [ActiveSessions$1.onStop] - Removing session 60b23c3a-a3a5-4d73-88ff-b73dba9f9eda (org.openqa.selenium.firefox.GeckoDriverService)
09:43:49.054 INFO [ActiveSessionFactory.apply] - Capabilities are: {
  "acceptSslCerts": true,
  "browserName": "firefox",
  "javascriptEnabled": true,
  "name": "Pages\\admin Page Test"
}
09:43:49.054 INFO [ActiveSessionFactory.lambda$apply$11] - Matched factory org.openqa.selenium.grid.session.remote.ServicedSession$Factory (provider: org.openqa.selenium.firefox.GeckoDriverService)
1558061029580	mozrunner::runner	INFO	Running command: "C:\\Program Files (x86)\\Mozilla Firefox\\firefox.exe" "-marionette" "-foreground" "-no-remote" "-profile" "C:\\Users\\INTERN~1.04\\AppData\\Local\\Temp\\rust_mozprofile.OYtZ0RBZexD0"
1558061029821	Marionette	INFO	Listening on port 55039
[Child 34240, Chrome_ChildThread] WARNING: pipe error: 109: file z:/task_1556539159/build/src/ipc/chromium/src/chrome/common/ipc_channel_win.cc, line 341
[Child 34240, Chrome_ChildThread] WARNING: pipe error: 109: file z:/task_1556539159/build/src/ipc/chromium/src/chrome/common/ipc_channel_win.cc, line 341
09:43:50.057 INFO [ProtocolHandshake.createSession] - Detected dialect: W3C
09:43:50.073 INFO [RemoteSession$Factory.lambda$performHandshake$0] - Started new session c2e2567e-f596-4f0c-b956-9c843b6af1db (org.openqa.selenium.firefox.GeckoDriverService)
1558061030324	addons.webextension.screenshots@mozilla.org	WARN	Loading extension 'screenshots@mozilla.org': Reading manifest: Invalid extension permission: mozillaAddons
1558061030325	addons.webextension.screenshots@mozilla.org	WARN	Loading extension 'screenshots@mozilla.org': Reading manifest: Invalid extension permission: resource://pdf.js/
1558061030325	addons.webextension.screenshots@mozilla.org	WARN	Loading extension 'screenshots@mozilla.org': Reading manifest: Invalid extension permission: about:reader*
1558061037245	Marionette	INFO	Stopped listening on port 54879
1558061038009	Marionette	INFO	Stopped listening on port 55039
[Child 23716, Chrome_ChildThread] WARNING: pipe error: 109: file z:/task_1556539159/build/src/ipc/chromium/src/chrome/common/ipc_channel_win.cc, line 341
[Child 23716, Chrome_ChildThread] WARNING: pipe error: 109: file z:/task_15565391[
###!!! [Child][RunMessage] Error: Channel closing: too late to send/recv, messages will be lost

GPU 20392, Chrome_ChildThread] WARN
###!!! [Child][MessageChannel::SendAndWait] Error: Channel error: cannot send/recv

1558061040051	Marionette	INFO	Listening on port 55529
[Child 2884009:44:00.167 INFO [ActiveSessions$1.onStop] - Removing session 77dd1d25-c6b5-47b5-8315-c71f1285e097 (org.openqa.selenium.firefox.GeckoDriverService)
09:44:00.198 INFO [ProtocolHandshake.createSession] - Detected dialect: W3C
09:44:00.198 INFO [RemoteSession$Factory.lambda$performHandshake$0] - Started new session 4df5a44c-94b1-4b8f-b554-84ee9227b7af (org.openqa.selenium.firefox.GeckoDriverService)
09:44:00.252 INFO [ActiveSessions$1.onStop] - Removing session c2e2567e-f596-4f0c-b956-9c843b6af1db (org.openqa.selenium.firefox.GeckoDriverService)
09:44:00.820 INFO [ActiveSessionFactory.apply] - Capabilities are: {
  "acceptSslCerts": true,
  "browserName": "firefox",
  "javascriptEnabled": true,
  "name": "Medias\\admin Media Add Test"
}
09:44:00.820 INFO [ActiveSessionFactory.lambda$apply$11] - Matched factory org.openqa.selenium.grid.session.remote.ServicedSession$Factory (provider: org.openqa.selenium.firefox.GeckoDriverService)
09:44:00.905 INFO [ActiveSessionFactory.apply] - Capabilities are: {
  "acceptSslCerts": true,
  "browserName": "firefox",
  "javascriptEnabled": true,
  "name": "Menus\\admin Menu Add Menu Test"
}
09:44:00.905 INFO [ActiveSessionFactory.lambda$apply$11] - Matched factory org.openqa.selenium.grid.session.remote.ServicedSession$Factory (provider: org.openqa.selenium.firefox.GeckoDriverService)
1558061041422	mozrunner::runner	INFO	Running command: "C:\\Program Files (x86)\\Mozilla Firefox\\firefox.exe" "-marionette" "-foreground" "-no-remote" "-profile" "C:\\Users\\INTERN~1.04\\AppData\\Local\\Temp\\rust_mozprofile.K35vttmVOn9L"
1558061041976	mozrunner::runner	INFO	Running command: "C:\\Program Files (x86)\\Mozilla Firefox\\firefox.exe" "-marionette" "-foreground" "-no-remote" "-profile" "C:\\Users\\INTERN~1.04\\AppData\\Local\\Temp\\rust_mozprofile.MZMPPeb5pFXe"
1558061042003	addons.webextension.screenshots@mozilla.org	WARN	Loading extension 'screenshots@mozilla.org': Reading manifest: Invalid extension permission: mozillaAddons
1558061042003	addons.webextension.screenshots@mozilla.org	WARN	Loading extension 'screenshots@mozilla.org': Reading manifest: Invalid extension permission: resource://pdf.js/
1558061042003	addons.webextension.screenshots@mozilla.org	WARN	Loading extension 'screenshots@mozilla.org': Reading manifest: Invalid extension permission: about:reader*
1558061042496	addons.webextension.screenshots@mozilla.org	WARN	Loading extension 'screenshots@mozilla.org': Reading manifest: Invalid extension permission: mozillaAddons
1558061042496	addons.webextension.screenshots@mozilla.org	WARN	Loading extension 'screenshots@mozilla.org': Reading manifest: Invalid extension permission: resource://pdf.js/
1558061042496	addons.webextension.screenshots@mozilla.org	WARN	Loading extension 'screenshots@mozilla.org': Reading manifest: Invalid extension permission: about:reader*
1558061054667	Marionette	INFO	Listening on port 55823
[Child 23652, Chrome_ChildThread] WARNING: pipe error: 109: file z:/task_1556539159/build/src/ipc/chromium/src/chrome/common/ipc_channel_win.cc, line 341
[Child 23652, Chrome_ChildThread] WARNING: pipe error: 109: file z:/task_1556539159/build/src/ipc/chromium/src/chrome/common/ipc_channel_win.cc, line 341
09:44:14.759 INFO [ProtocolHandshake.createSession] - Detected dialect: W3C
09:44:14.762 INFO [RemoteSession$Factory.lambda$performHandshake$0] - Started new session 28ad5dcc-0477-4471-961d-0602c66bd893 (org.openqa.selenium.firefox.GeckoDriverService)
1558061054790	Marionette	INFO	Listening on port 55807
09:44:14.854 INFO [ProtocolHandshake.createSession] - Detected dialect: W3C
09:44:14.854 INFO [RemoteSession$Factory.lambda$performHandshake$0] - Started new session 4a3f6010-0be5-469a-9798-fa69cde4f94b (org.openqa.selenium.firefox.GeckoDriverService)
1558061058040	Marionette	INFO	Stopped listening on port 55823
[Parent 25652, Gecko_IOThread] WARNING: pipe error: 109: file z:/task_1556539159/build/src/ipc/chromium/src/chrome/common/ipc_channel_win.cc, line 341
[Child 7528, Chrome_ChildThread] WARNING: pipe error: 109: file z:/task_1556539159/build/src/ipc/chromium/src/chrome/common/ipc_channel_win.cc, line 341
[Child 7528, Chrome_ChildThread] WARNING: pipe error: 109:[Child 35600, Chrome_ChildThread] WARNING: pipe error: 109: file z:/task_1556539159/build/src/ipc/chromium/src/chrome/common/ipc_channel_win.cc, line 341
[Child 35600, Chrome_ChildThread] WARNING: pipe error: 109: file z:/task_1556539159/build/src/ipc/chromium/src/chrome/common/ipc_channel_win.cc, line 341
[GP
###!!! [Child][RunMessage] Error: Channel closing: too late to send/recv, messages will be lost

U 6996, Chrome_ChildThread]
###!!! [Child][MessageChannel::SendAndWait] Error: Channel error: cannot send/recv

09:44:20.675 INFO [ActiveSessions$1.onStop] - Removing session 28ad5dcc-0477-4471-961d-0602c66bd893 (org.openqa.selenium.firefox.GeckoDriverService)
1558061064795	Marionette	INFO	Stopped listening on port 55807
[Child 21612, Chrome_ChildThread] WARNING: pipe error: 109: file z:/task_1556539159/build/src/ipc/chromium/src/chrome/common/ipc_channel_win.cc, line 341
[Parent 29652, Gecko_IOThread] WARNING: pipe error: 109: file z:/task_1556539159/build/src/ipc/chromium/src/chrome/common/ipc_channel_win.cc, line 341
[Child 33656, Chrome_ChildThread] WARNING: pipe error: 109: file z:/task_1556539159/build/src/ipc/chromium/src/chrome/common/ipc_channel_win.cc, line 341
[Child 33656, Chrome_ChildThread] WARNING: pipe error: 109: file z:/task_1556539159/build/src/ipc/chromium/src/chrome/common/ipc_channel_win.cc, line 341

###!!! [Child][MessageChannel::SendAndWait] Error: Channel error: cannot send/recv

09:44:26.798 INFO [ActiveSessions$1.onStop] - Removing session 4a3f6010-0be5-469a-9798-fa69cde4f94b (org.openqa.selenium.firefox.GeckoDriverService)
1558061073899	Marionette	INFO	Stopped listening on port 55529
[Child 27732, Chrome_ChildThread] WARNING: pipe error: 109: file z:/task_1556539159/build/src/ipc/chromium/src/chrome/common/ipc_channel_win.cc, line 341
[Child 27732, Chrome_ChildThread] WARNING: pipe error: 109: file z:/task_1556539159/build/src/ipc/chromium/src/chrome/common/ipc_channel_win.cc, line 341
[Child 13392, Chrome_ChildThread] WARNING: pipe error: 109: file z:/task_1556539159/build/src/ipc/chromium/src/chrome/common/ipc_channel_win.cc, line 341
[Child 13392, Chrome_ChildThread] WARNING: pipe error: 109: file z:/task_1556539159/build/s[Parent 33192, Gecko_IOThread] WARNING: pipe error: 109: file z:/task_1556539159/build/src/ipc/chromium/src/chrome/common/ipc_channel_win.cc, line 341

###!!! [Child][RunMessage] Error: Channel closing: too late to send/recv, messages will be lost

[GPU 18396, Chrome_ChildThread] WARNING: pipe error: 109: file z:/task_1556539
###!!! [Child][MessageChannel::SendAndWait] Error: Channel error: cannot send/recv

09:44:35.255 INFO [ActiveSessions$1.onStop] - Removing session 4df5a44c-94b1-4b8f-b554-84ee9227b7af (org.openqa.selenium.firefox.GeckoDriverService)
[Child 16068, Chrome_ChildThread] WARNING: pipe error: 109: file z:/task_1556539159/build/src/ipc/chromium/src/chrome/common/ipc_channel_win.cc, line 341
[Child 16068, Chrome_ChildThread] WARNING: pipe error: 109: file z:/task_1556539159/build/src/ipc/chromium/src/chrome/common/ipc_channel_win.cc, line 341
[Child 29736, Chrome_ChildThread] WARNING: pipe error: 109: file z:/task_1556539159/build/src/ipc/chromium/src/chrome/common/ipc_channel_win.cc, line 341
[Child 29736, Chrome_ChildThread] WARNING: pipe error: 109: file z:/task_1556539159/build/src/ipc/chromium/src/chrome/1558061203498	Marionette	INFO	Stopped listening on port 54317
[GPU 11420, Chrome_ChildThread] WARNING: 09:46:45.054 INFO [ActiveSessions$1.onStop] - Removing session 13b1c799-85da-4ec5-a841-a1b72a73d194 (org.openqa.selenium.firefox.GeckoDriverService)
